<?xml version="1.0" encoding="UTF-8"?>
<testsuite name="edu.iit.cs445.spring22.AppTest" tests="1" skipped="0" failures="0" errors="0" timestamp="2022-03-05T04:10:34" hostname="parallels-Parallels-Virtual-Platform" time="0.086">
  <properties/>
  <testcase name="AppTestClass()" classname="edu.iit.cs445.spring22.AppTest" time="0.086"/>
  <system-out><![CDATA[60
]]></system-out>
  <system-err><![CDATA[]]></system-err>
</testsuite>
